         ps       /mp1_tb/mem_address                
          delta       /mp1_tb/mem_write              
                  /mp1_tb/mem_byte_enable            
                             /mp1_tb/mem_wdata       
          0  +0                  xxxx x x xxxx 
          0  +1                  0000 0 3 0000 
    1255000  +6                  00f4 1 3 01e0 
    1285000  +3                  00f4 0 3 01e0 
    1735000  +6                  00f6 1 3 000a 
    1765000  +3                  00f6 0 3 000a 
    2035000  +6                  00f8 1 3 4537 
    2065000  +3                  00f8 0 3 4537 
    2925000  +6                  00fa 1 3 a342 
    2955000  +3                  00fa 0 3 a342 
    3035000  +6                  00fc 1 3 01a1 
    3065000  +3                  00fc 0 3 01a1 
    3145000  +6                  00fe 1 3 fe62 
    3175000  +3                  00fe 0 3 fe62 
    3325000  +6                  0102 1 3 0100 
    3355000  +3                  0102 0 3 0100 
    3545000  +6                  0100 1 3 fe6f 
    3575000  +3                  0100 0 3 fe6f 
    5685000  +6                  0102 1 3 001a 
    5715000  +3                  0102 0 3 001a 
    6135000  +6                  0104 1 3 ff9b 
    6165000  +3                  0104 0 3 ff9b 
    6465000  +6                  0106 1 3 000d 
    6495000  +3                  0106 0 3 000d 
    7055000  +6                  0108 1 3 517a 
    7085000  +3                  0108 0 3 517a 
    7605000  +6                  010a 1 3 0133 
    7635000  +3                  010a 0 3 0133 
    7925000  +6                  010d 1 2 9090 
    7955000  +3                  010d 0 3 9090 
    8045000  +6                  010c 1 1 acac 
    8075000  +3                  010c 0 3 acac 
    8265000  +6                  010a 1 3 90ac 
    8295000  +3                  010a 0 3 90ac 
    8445000  +6                  0110 1 3 00f2 
    8475000  +3                  0110 0 3 00f2 
    8705000  +6                  010e 1 3 0646 
    8735000  +3                  010e 0 3 0646 
    9135000  +6                  00a2 1 3 126c 
    9165000  +3                  00a2 0 3 126c 
    9325000  +6                  0112 1 3 000c 
    9355000  +3                  0112 0 3 000c 
    9685000  +6                  0114 1 3 ae85 
    9715000  +3                  0114 0 3 ae85 
   10485000  +6                  0116 1 3 600d 
   10515000  +3                  0116 0 3 600d 
   10895000  +6                  0118 1 3 00d8 
   10925000  +3                  0118 0 3 00d8 
